# JRE version: Java(TM) SE Runtime Environment (8.0_144-b01) (build 1.8.0_144-b01)
# Java VM: Java HotSpot(TM) 64-Bit Server VM (25.144-b01 mixed mode bsd-amd64 compressed oops)
Heap:
 PSYoungGen      total 197632K, used 119681K [0x0000000795580000, 0x00000007a7980000, 0x00000007c0000000)
  eden space 119808K, 99% used [0x0000000795580000,0x000000079ca60408,0x000000079ca80000)
  from space 77824K, 0% used [0x00000007a2d80000,0x00000007a2d80000,0x00000007a7980000)
  to   space 89600K, 0% used [0x000000079ca80000,0x000000079ca80000,0x00000007a2200000)
 ParOldGen       total 765440K, used 765204K [0x0000000740000000, 0x000000076eb80000, 0x0000000795580000)
  object space 765440K, 99% used [0x0000000740000000,0x000000076eb45290,0x000000076eb80000)
 Metaspace       used 21334K, capacity 22478K, committed 22656K, reserved 1069056K
  class space    used 3091K, capacity 3344K, committed 3456K, reserved 1048576K
GC Heap History (10 events):
Event: 15.315 GC heap before
{Heap before GC invocations=10 (full 2):
 PSYoungGen      total 79360K, used 72070K [0x0000000795580000, 0x00000007a2080000, 0x00000007c0000000)
  eden space 60416K, 100% used [0x0000000795580000,0x0000000799080000,0x0000000799080000)
  from space 18944K, 61% used [0x0000000799080000,0x0000000799be19c0,0x000000079a300000)
  to   space 44032K, 0% used [0x000000079f580000,0x000000079f580000,0x00000007a2080000)
 ParOldGen       total 209920K, used 132518K [0x0000000740000000, 0x000000074cd00000, 0x0000000795580000)
  object space 209920K, 63% used [0x0000000740000000,0x0000000748169bc0,0x000000074cd00000)
 Metaspace       used 20926K, capacity 22054K, committed 22272K, reserved 1069056K
  class space    used 3053K, capacity 3270K, committed 3328K, reserved 1048576K
Event: 15.416 GC heap after
Heap after GC invocations=10 (full 2):
 PSYoungGen      total 140288K, used 44030K [0x0000000795580000, 0x00000007a2780000, 0x00000007c0000000)
  eden space 96256K, 0% used [0x0000000795580000,0x0000000795580000,0x000000079b380000)
  from space 44032K, 99% used [0x000000079f580000,0x00000007a207fb58,0x00000007a2080000)
  to   space 59392K, 0% used [0x000000079b380000,0x000000079b380000,0x000000079ed80000)
 ParOldGen       total 209920K, used 146742K [0x0000000740000000, 0x000000074cd00000, 0x0000000795580000)
  object space 209920K, 69% used [0x0000000740000000,0x0000000748f4dbc0,0x000000074cd00000)
 Metaspace       used 20926K, capacity 22054K, committed 22272K, reserved 1069056K
  class space    used 3053K, capacity 3270K, committed 3328K, reserved 1048576K
}
Event: 15.992 GC heap before
{Heap before GC invocations=11 (full 2):
 PSYoungGen      total 140288K, used 140286K [0x0000000795580000, 0x00000007a2780000, 0x00000007c0000000)
  eden space 96256K, 100% used [0x0000000795580000,0x000000079b380000,0x000000079b380000)
  from space 44032K, 99% used [0x000000079f580000,0x00000007a207fb58,0x00000007a2080000)
  to   space 59392K, 0% used [0x000000079b380000,0x000000079b380000,0x000000079ed80000)
 ParOldGen       total 209920K, used 146742K [0x0000000740000000, 0x000000074cd00000, 0x0000000795580000)
  object space 209920K, 69% used [0x0000000740000000,0x0000000748f4dbc0,0x000000074cd00000)
 Metaspace       used 21196K, capacity 22310K, committed 22656K, reserved 1069056K
  class space    used 3073K, capacity 3334K, committed 3456K, reserved 1048576K
Event: 16.212 GC heap after
Heap after GC invocations=11 (full 2):
 PSYoungGen      total 155648K, used 59389K [0x0000000795580000, 0x00000007a8580000, 0x00000007c0000000)
  eden space 96256K, 0% used [0x0000000795580000,0x0000000795580000,0x000000079b380000)
  from space 59392K, 99% used [0x000000079b380000,0x000000079ed7f6b0,0x000000079ed80000)
  to   space 90112K, 0% used [0x00000007a2d80000,0x00000007a2d80000,0x00000007a8580000)
 ParOldGen       total 209920K, used 195982K [0x0000000740000000, 0x000000074cd00000, 0x0000000795580000)
  object space 209920K, 93% used [0x0000000740000000,0x000000074bf63bc0,0x000000074cd00000)
 Metaspace       used 21196K, capacity 22310K, committed 22656K, reserved 1069056K
  class space    used 3073K, capacity 3334K, committed 3456K, reserved 1048576K
}
Event: 16.212 GC heap before
{Heap before GC invocations=12 (full 3):
 PSYoungGen      total 155648K, used 59389K [0x0000000795580000, 0x00000007a8580000, 0x00000007c0000000)
  eden space 96256K, 0% used [0x0000000795580000,0x0000000795580000,0x000000079b380000)
  from space 59392K, 99% used [0x000000079b380000,0x000000079ed7f6b0,0x000000079ed80000)
  to   space 90112K, 0% used [0x00000007a2d80000,0x00000007a2d80000,0x00000007a8580000)
 ParOldGen       total 209920K, used 195982K [0x0000000740000000, 0x000000074cd00000, 0x0000000795580000)
  object space 209920K, 93% used [0x0000000740000000,0x000000074bf63bc0,0x000000074cd00000)
 Metaspace       used 21196K, capacity 22310K, committed 22656K, reserved 1069056K
  class space    used 3073K, capacity 3334K, committed 3456K, reserved 1048576K
Event: 16.790 GC heap after
Heap after GC invocations=12 (full 3):
 PSYoungGen      total 155648K, used 40406K [0x0000000795580000, 0x00000007a8580000, 0x00000007c0000000)
  eden space 96256K, 0% used [0x0000000795580000,0x0000000795580000,0x000000079b380000)
  from space 59392K, 68% used [0x000000079b380000,0x000000079daf59b8,0x000000079ed80000)
  to   space 90112K, 0% used [0x00000007a2d80000,0x00000007a2d80000,0x00000007a8580000)
 ParOldGen       total 315904K, used 209847K [0x0000000740000000, 0x0000000753480000, 0x0000000795580000)
  object space 315904K, 66% used [0x0000000740000000,0x000000074ccedc28,0x0000000753480000)
 Metaspace       used 21196K, capacity 22310K, committed 22656K, reserved 1069056K
  class space    used 3073K, capacity 3334K, committed 3456K, reserved 1048576K
}
Event: 17.397 GC heap before
{Heap before GC invocations=13 (full 4):
 PSYoungGen      total 155648K, used 136633K [0x0000000795580000, 0x00000007a8580000, 0x00000007c0000000)
  eden space 96256K, 99% used [0x0000000795580000,0x000000079b378c80,0x000000079b380000)
  from space 59392K, 68% used [0x000000079b380000,0x000000079daf59b8,0x000000079ed80000)
  to   space 90112K, 0% used [0x00000007a2d80000,0x00000007a2d80000,0x00000007a8580000)
 ParOldGen       total 372224K, used 372030K [0x0000000740000000, 0x0000000756b80000, 0x0000000795580000)
  object space 372224K, 99% used [0x0000000740000000,0x0000000756b4f8c0,0x0000000756b80000)
 Metaspace       used 21334K, capacity 22478K, committed 22656K, reserved 1069056K
  class space    used 3091K, capacity 3344K, committed 3456K, reserved 1048576K
Event: 17.823 GC heap after
Heap after GC invocations=13 (full 4):
 PSYoungGen      total 155648K, used 0K [0x0000000795580000, 0x00000007a8580000, 0x00000007c0000000)
  eden space 96256K, 0% used [0x0000000795580000,0x0000000795580000,0x000000079b380000)
  from space 59392K, 0% used [0x000000079b380000,0x000000079b380000,0x000000079ed80000)
  to   space 90112K, 0% used [0x00000007a2d80000,0x00000007a2d80000,0x00000007a8580000)
 ParOldGen       total 421376K, used 295395K [0x0000000740000000, 0x0000000759b80000, 0x0000000795580000)
  object space 421376K, 70% used [0x0000000740000000,0x0000000752078e70,0x0000000759b80000)
 Metaspace       used 21334K, capacity 22478K, committed 22656K, reserved 1069056K
  class space    used 3091K, capacity 3344K, committed 3456K, reserved 1048576K
}
Event: 17.967 GC heap before
{Heap before GC invocations=14 (full 4):
 PSYoungGen      total 155648K, used 96186K [0x0000000795580000, 0x00000007a8580000, 0x00000007c0000000)
  eden space 96256K, 99% used [0x0000000795580000,0x000000079b36e9c0,0x000000079b380000)
  from space 59392K, 0% used [0x000000079b380000,0x000000079b380000,0x000000079ed80000)
  to   space 90112K, 0% used [0x00000007a2d80000,0x00000007a2d80000,0x00000007a8580000)
 ParOldGen       total 421376K, used 360970K [0x0000000740000000, 0x0000000759b80000, 0x0000000795580000)
  object space 421376K, 85% used [0x0000000740000000,0x0000000756082b00,0x0000000759b80000)
 Metaspace       used 21334K, capacity 22478K, committed 22656K, reserved 1069056K
  class space    used 3091K, capacity 3344K, committed 3456K, reserved 1048576K
Event: 17.974 GC heap after
Heap after GC invocations=14 (full 4):
 PSYoungGen      total 197632K, used 0K [0x0000000795580000, 0x00000007a7980000, 0x00000007c0000000)
  eden space 119808K, 0% used [0x0000000795580000,0x0000000795580000,0x000000079ca80000)
  from space 77824K, 0% used [0x00000007a2d80000,0x00000007a2d80000,0x00000007a7980000)
  to   space 89600K, 0% used [0x000000079ca80000,0x000000079ca80000,0x00000007a2200000)
 ParOldGen       total 421376K, used 360970K [0x0000000740000000, 0x0000000759b80000, 0x0000000795580000)
  object space 421376K, 85% used [0x0000000740000000,0x0000000756082b00,0x0000000759b80000)
 Metaspace       used 21334K, capacity 22478K, committed 22656K, reserved 1069056K
  class space    used 3091K, capacity 3344K, committed 3456K, reserved 1048576K
}

