# JRE version: Java(TM) SE Runtime Environment (8.0_161-b12) (build 1.8.0_161-b12)
# Java VM: Java HotSpot(TM) 64-Bit Server VM (25.161-b12 mixed mode windows-amd64 compressed oops)
Heap:
 PSYoungGen      total 927232K, used 437494K [0x000000076b200000, 0x00000007c0000000, 0x00000007c0000000)
  eden space 463872K, 94% used [0x000000076b200000,0x0000000785d3db00,0x0000000787700000)
  from space 463360K, 0% used [0x00000007a3b80000,0x00000007a3b80000,0x00000007c0000000)
  to   space 463360K, 0% used [0x0000000787700000,0x0000000787700000,0x00000007a3b80000)
 ParOldGen       total 2781184K, used 2781036K [0x00000006c1600000, 0x000000076b200000, 0x000000076b200000)
  object space 2781184K, 99% used [0x00000006c1600000,0x000000076b1db140,0x000000076b200000)
 Metaspace       used 21639K, capacity 22818K, committed 23168K, reserved 1069056K
  class space    used 3118K, capacity 3384K, committed 3456K, reserved 1048576K
GC Heap History (10 events):
Event: 84.809 GC heap before
{Heap before GC invocations=39 (full 16):
 PSYoungGen      total 927232K, used 463872K [0x000000076b200000, 0x00000007c0000000, 0x00000007c0000000)
  eden space 463872K, 100% used [0x000000076b200000,0x0000000787700000,0x0000000787700000)
  from space 463360K, 0% used [0x00000007a3b80000,0x00000007a3b80000,0x00000007c0000000)
  to   space 463360K, 0% used [0x0000000787700000,0x0000000787700000,0x00000007a3b80000)
 ParOldGen       total 2781184K, used 2045113K [0x00000006c1600000, 0x000000076b200000, 0x000000076b200000)
  object space 2781184K, 73% used [0x00000006c1600000,0x000000073e32e460,0x000000076b200000)
 Metaspace       used 21511K, capacity 22656K, committed 22912K, reserved 1069056K
  class space    used 3103K, capacity 3375K, committed 3456K, reserved 1048576K
Event: 85.225 GC heap after
Heap after GC invocations=39 (full 16):
 PSYoungGen      total 927232K, used 455153K [0x000000076b200000, 0x00000007c0000000, 0x00000007c0000000)
  eden space 463872K, 0% used [0x000000076b200000,0x000000076b200000,0x0000000787700000)
  from space 463360K, 98% used [0x0000000787700000,0x00000007a337c438,0x00000007a3b80000)
  to   space 463360K, 0% used [0x00000007a3b80000,0x00000007a3b80000,0x00000007c0000000)
 ParOldGen       total 2781184K, used 2045113K [0x00000006c1600000, 0x000000076b200000, 0x000000076b200000)
  object space 2781184K, 73% used [0x00000006c1600000,0x000000073e32e460,0x000000076b200000)
 Metaspace       used 21511K, capacity 22656K, committed 22912K, reserved 1069056K
  class space    used 3103K, capacity 3375K, committed 3456K, reserved 1048576K
}
Event: 85.807 GC heap before
{Heap before GC invocations=40 (full 16):
 PSYoungGen      total 927232K, used 919025K [0x000000076b200000, 0x00000007c0000000, 0x00000007c0000000)
  eden space 463872K, 100% used [0x000000076b200000,0x0000000787700000,0x0000000787700000)
  from space 463360K, 98% used [0x0000000787700000,0x00000007a337c438,0x00000007a3b80000)
  to   space 463360K, 0% used [0x00000007a3b80000,0x00000007a3b80000,0x00000007c0000000)
 ParOldGen       total 2781184K, used 2045113K [0x00000006c1600000, 0x000000076b200000, 0x000000076b200000)
  object space 2781184K, 73% used [0x00000006c1600000,0x000000073e32e460,0x000000076b200000)
 Metaspace       used 21511K, capacity 22656K, committed 22912K, reserved 1069056K
  class space    used 3103K, capacity 3375K, committed 3456K, reserved 1048576K
Event: 86.664 GC heap after
Heap after GC invocations=40 (full 16):
 PSYoungGen      total 927232K, used 463353K [0x000000076b200000, 0x00000007c0000000, 0x00000007c0000000)
  eden space 463872K, 0% used [0x000000076b200000,0x000000076b200000,0x0000000787700000)
  from space 463360K, 99% used [0x00000007a3b80000,0x00000007bfffe650,0x00000007c0000000)
  to   space 463360K, 0% used [0x0000000787700000,0x0000000787700000,0x00000007a3b80000)
 ParOldGen       total 2781184K, used 2488857K [0x00000006c1600000, 0x000000076b200000, 0x000000076b200000)
  object space 2781184K, 89% used [0x00000006c1600000,0x0000000759486460,0x000000076b200000)
 Metaspace       used 21511K, capacity 22656K, committed 22912K, reserved 1069056K
  class space    used 3103K, capacity 3375K, committed 3456K, reserved 1048576K
}
Event: 86.664 GC heap before
{Heap before GC invocations=41 (full 17):
 PSYoungGen      total 927232K, used 463353K [0x000000076b200000, 0x00000007c0000000, 0x00000007c0000000)
  eden space 463872K, 0% used [0x000000076b200000,0x000000076b200000,0x0000000787700000)
  from space 463360K, 99% used [0x00000007a3b80000,0x00000007bfffe650,0x00000007c0000000)
  to   space 463360K, 0% used [0x0000000787700000,0x0000000787700000,0x00000007a3b80000)
 ParOldGen       total 2781184K, used 2488857K [0x00000006c1600000, 0x000000076b200000, 0x000000076b200000)
  object space 2781184K, 89% used [0x00000006c1600000,0x0000000759486460,0x000000076b200000)
 Metaspace       used 21511K, capacity 22656K, committed 22912K, reserved 1069056K
  class space    used 3103K, capacity 3375K, committed 3456K, reserved 1048576K
Event: 92.019 GC heap after
Heap after GC invocations=41 (full 17):
 PSYoungGen      total 927232K, used 162129K [0x000000076b200000, 0x00000007c0000000, 0x00000007c0000000)
  eden space 463872K, 0% used [0x000000076b200000,0x000000076b200000,0x0000000787700000)
  from space 463360K, 34% used [0x00000007a3b80000,0x00000007ad9d47e0,0x00000007c0000000)
  to   space 463360K, 0% used [0x0000000787700000,0x0000000787700000,0x00000007a3b80000)
 ParOldGen       total 2781184K, used 2780843K [0x00000006c1600000, 0x000000076b200000, 0x000000076b200000)
  object space 2781184K, 99% used [0x00000006c1600000,0x000000076b1aad48,0x000000076b200000)
 Metaspace       used 21511K, capacity 22656K, committed 22912K, reserved 1069056K
  class space    used 3103K, capacity 3375K, committed 3456K, reserved 1048576K
}
Event: 93.168 GC heap before
{Heap before GC invocations=42 (full 18):
 PSYoungGen      total 927232K, used 625848K [0x000000076b200000, 0x00000007c0000000, 0x00000007c0000000)
  eden space 463872K, 99% used [0x000000076b200000,0x00000007876d9b98,0x0000000787700000)
  from space 463360K, 34% used [0x00000007a3b80000,0x00000007ad9d47e0,0x00000007c0000000)
  to   space 463360K, 0% used [0x0000000787700000,0x0000000787700000,0x00000007a3b80000)
 ParOldGen       total 2781184K, used 2780843K [0x00000006c1600000, 0x000000076b200000, 0x000000076b200000)
  object space 2781184K, 99% used [0x00000006c1600000,0x000000076b1aad48,0x000000076b200000)
 Metaspace       used 21639K, capacity 22818K, committed 23168K, reserved 1069056K
  class space    used 3118K, capacity 3384K, committed 3456K, reserved 1048576K
Event: 96.770 GC heap after
Heap after GC invocations=42 (full 18):
 PSYoungGen      total 927232K, used 270972K [0x000000076b200000, 0x00000007c0000000, 0x00000007c0000000)
  eden space 463872K, 58% used [0x000000076b200000,0x000000077ba9f2c0,0x0000000787700000)
  from space 463360K, 0% used [0x00000007a3b80000,0x00000007a3b80000,0x00000007c0000000)
  to   space 463360K, 0% used [0x0000000787700000,0x0000000787700000,0x00000007a3b80000)
 ParOldGen       total 2781184K, used 2781036K [0x00000006c1600000, 0x000000076b200000, 0x000000076b200000)
  object space 2781184K, 99% used [0x00000006c1600000,0x000000076b1db1f8,0x000000076b200000)
 Metaspace       used 21639K, capacity 22818K, committed 23168K, reserved 1069056K
  class space    used 3118K, capacity 3384K, committed 3456K, reserved 1048576K
}
Event: 96.854 GC heap before
{Heap before GC invocations=43 (full 19):
 PSYoungGen      total 927232K, used 462642K [0x000000076b200000, 0x00000007c0000000, 0x00000007c0000000)
  eden space 463872K, 99% used [0x000000076b200000,0x00000007875cc960,0x0000000787700000)
  from space 463360K, 0% used [0x00000007a3b80000,0x00000007a3b80000,0x00000007c0000000)
  to   space 463360K, 0% used [0x0000000787700000,0x0000000787700000,0x00000007a3b80000)
 ParOldGen       total 2781184K, used 2781036K [0x00000006c1600000, 0x000000076b200000, 0x000000076b200000)
  object space 2781184K, 99% used [0x00000006c1600000,0x000000076b1db1f8,0x000000076b200000)
 Metaspace       used 21639K, capacity 22818K, committed 23168K, reserved 1069056K
  class space    used 3118K, capacity 3384K, committed 3456K, reserved 1048576K
Event: 100.055 GC heap after
Heap after GC invocations=43 (full 19):
 PSYoungGen      total 927232K, used 273810K [0x000000076b200000, 0x00000007c0000000, 0x00000007c0000000)
  eden space 463872K, 59% used [0x000000076b200000,0x000000077bd64990,0x0000000787700000)
  from space 463360K, 0% used [0x00000007a3b80000,0x00000007a3b80000,0x00000007c0000000)
  to   space 463360K, 0% used [0x0000000787700000,0x0000000787700000,0x00000007a3b80000)
 ParOldGen       total 2781184K, used 2781036K [0x00000006c1600000, 0x000000076b200000, 0x000000076b200000)
  object space 2781184K, 99% used [0x00000006c1600000,0x000000076b1db140,0x000000076b200000)
 Metaspace       used 21639K, capacity 22818K, committed 23168K, reserved 1069056K
  class space    used 3118K, capacity 3384K, committed 3456K, reserved 1048576K
}

