# JRE version: Java(TM) SE Runtime Environment (8.0_144-b01) (build 1.8.0_144-b01)
# Java VM: Java HotSpot(TM) 64-Bit Server VM (25.144-b01 mixed mode bsd-amd64 compressed oops)
Heap:
 PSYoungGen      total 620544K, used 569215K [0x0000000795580000, 0x00000007c0000000, 0x00000007c0000000)
  eden space 542208K, 99% used [0x0000000795580000,0x00000007b66e11d0,0x00000007b6700000)
  from space 78336K, 34% used [0x00000007b6700000,0x00000007b817eac8,0x00000007bb380000)
  to   space 74240K, 0% used [0x00000007bb780000,0x00000007bb780000,0x00000007c0000000)
 ParOldGen       total 536064K, used 534576K [0x0000000740000000, 0x0000000760b80000, 0x0000000795580000)
  object space 536064K, 99% used [0x0000000740000000,0x0000000760a0c0c8,0x0000000760b80000)
 Metaspace       used 21710K, capacity 22838K, committed 23168K, reserved 1069056K
  class space    used 3093K, capacity 3376K, committed 3456K, reserved 1048576K
GC Heap History (10 events):
Event: 52.734 GC heap before
{Heap before GC invocations=70 (full 4):
 PSYoungGen      total 689664K, used 684013K [0x0000000795580000, 0x00000007bff80000, 0x00000007c0000000)
  eden space 680448K, 100% used [0x0000000795580000,0x00000007bee00000,0x00000007bee00000)
  from space 9216K, 38% used [0x00000007bee00000,0x00000007bf17b5e0,0x00000007bf700000)
  to   space 8704K, 0% used [0x00000007bf700000,0x00000007bf700000,0x00000007bff80000)
 ParOldGen       total 221696K, used 171135K [0x0000000740000000, 0x000000074d880000, 0x0000000795580000)
  object space 221696K, 77% used [0x0000000740000000,0x000000074a71ff78,0x000000074d880000)
 Metaspace       used 21665K, capacity 22838K, committed 23168K, reserved 1069056K
  class space    used 3093K, capacity 3376K, committed 3456K, reserved 1048576K
Event: 52.738 GC heap after
Heap after GC invocations=70 (full 4):
 PSYoungGen      total 689664K, used 4109K [0x0000000795580000, 0x00000007bff80000, 0x00000007c0000000)
  eden space 680960K, 0% used [0x0000000795580000,0x0000000795580000,0x00000007bee80000)
  from space 8704K, 47% used [0x00000007bf700000,0x00000007bfb034c0,0x00000007bff80000)
  to   space 8704K, 0% used [0x00000007bee80000,0x00000007bee80000,0x00000007bf700000)
 ParOldGen       total 221696K, used 171135K [0x0000000740000000, 0x000000074d880000, 0x0000000795580000)
  object space 221696K, 77% used [0x0000000740000000,0x000000074a71ff78,0x000000074d880000)
 Metaspace       used 21665K, capacity 22838K, committed 23168K, reserved 1069056K
  class space    used 3093K, capacity 3376K, committed 3456K, reserved 1048576K
}
Event: 53.280 GC heap before
{Heap before GC invocations=71 (full 4):
 PSYoungGen      total 689664K, used 685069K [0x0000000795580000, 0x00000007bff80000, 0x00000007c0000000)
  eden space 680960K, 100% used [0x0000000795580000,0x00000007bee80000,0x00000007bee80000)
  from space 8704K, 47% used [0x00000007bf700000,0x00000007bfb034c0,0x00000007bff80000)
  to   space 8704K, 0% used [0x00000007bee80000,0x00000007bee80000,0x00000007bf700000)
 ParOldGen       total 221696K, used 171135K [0x0000000740000000, 0x000000074d880000, 0x0000000795580000)
  object space 221696K, 77% used [0x0000000740000000,0x000000074a71ff78,0x000000074d880000)
 Metaspace       used 21666K, capacity 22838K, committed 23168K, reserved 1069056K
  class space    used 3093K, capacity 3376K, committed 3456K, reserved 1048576K
Event: 53.283 GC heap after
Heap after GC invocations=71 (full 4):
 PSYoungGen      total 689664K, used 725K [0x0000000795580000, 0x00000007c0000000, 0x00000007c0000000)
  eden space 680960K, 0% used [0x0000000795580000,0x0000000795580000,0x00000007bee80000)
  from space 8704K, 8% used [0x00000007bee80000,0x00000007bef354d0,0x00000007bf700000)
  to   space 8704K, 0% used [0x00000007bf780000,0x00000007bf780000,0x00000007c0000000)
 ParOldGen       total 221696K, used 171167K [0x0000000740000000, 0x000000074d880000, 0x0000000795580000)
  object space 221696K, 77% used [0x0000000740000000,0x000000074a727f78,0x000000074d880000)
 Metaspace       used 21666K, capacity 22838K, committed 23168K, reserved 1069056K
  class space    used 3093K, capacity 3376K, committed 3456K, reserved 1048576K
}
Event: 54.086 GC heap before
{Heap before GC invocations=72 (full 4):
 PSYoungGen      total 689664K, used 681685K [0x0000000795580000, 0x00000007c0000000, 0x00000007c0000000)
  eden space 680960K, 100% used [0x0000000795580000,0x00000007bee80000,0x00000007bee80000)
  from space 8704K, 8% used [0x00000007bee80000,0x00000007bef354d0,0x00000007bf700000)
  to   space 8704K, 0% used [0x00000007bf780000,0x00000007bf780000,0x00000007c0000000)
 ParOldGen       total 221696K, used 171167K [0x0000000740000000, 0x000000074d880000, 0x0000000795580000)
  object space 221696K, 77% used [0x0000000740000000,0x000000074a727f78,0x000000074d880000)
 Metaspace       used 21699K, capacity 22838K, committed 23168K, reserved 1069056K
  class space    used 3093K, capacity 3376K, committed 3456K, reserved 1048576K
Event: 54.440 GC heap after
Heap after GC invocations=72 (full 4):
 PSYoungGen      total 550912K, used 8702K [0x0000000795580000, 0x00000007c0000000, 0x00000007c0000000)
  eden space 542208K, 0% used [0x0000000795580000,0x0000000795580000,0x00000007b6700000)
  from space 8704K, 99% used [0x00000007bf780000,0x00000007bffffa38,0x00000007c0000000)
  to   space 78336K, 0% used [0x00000007b6700000,0x00000007b6700000,0x00000007bb380000)
 ParOldGen       total 356352K, used 355894K [0x0000000740000000, 0x0000000755c00000, 0x0000000795580000)
  object space 356352K, 99% used [0x0000000740000000,0x0000000755b8dad0,0x0000000755c00000)
 Metaspace       used 21699K, capacity 22838K, committed 23168K, reserved 1069056K
  class space    used 3093K, capacity 3376K, committed 3456K, reserved 1048576K
}
Event: 54.440 GC heap before
{Heap before GC invocations=73 (full 5):
 PSYoungGen      total 550912K, used 8702K [0x0000000795580000, 0x00000007c0000000, 0x00000007c0000000)
  eden space 542208K, 0% used [0x0000000795580000,0x0000000795580000,0x00000007b6700000)
  from space 8704K, 99% used [0x00000007bf780000,0x00000007bffffa38,0x00000007c0000000)
  to   space 78336K, 0% used [0x00000007b6700000,0x00000007b6700000,0x00000007bb380000)
 ParOldGen       total 356352K, used 355894K [0x0000000740000000, 0x0000000755c00000, 0x0000000795580000)
  object space 356352K, 99% used [0x0000000740000000,0x0000000755b8dad0,0x0000000755c00000)
 Metaspace       used 21699K, capacity 22838K, committed 23168K, reserved 1069056K
  class space    used 3093K, capacity 3376K, committed 3456K, reserved 1048576K
Event: 55.174 GC heap after
Heap after GC invocations=73 (full 5):
 PSYoungGen      total 550912K, used 0K [0x0000000795580000, 0x00000007c0000000, 0x00000007c0000000)
  eden space 542208K, 0% used [0x0000000795580000,0x0000000795580000,0x00000007b6700000)
  from space 8704K, 0% used [0x00000007bf780000,0x00000007bf780000,0x00000007c0000000)
  to   space 78336K, 0% used [0x00000007b6700000,0x00000007b6700000,0x00000007bb380000)
 ParOldGen       total 487936K, used 295100K [0x0000000740000000, 0x000000075dc80000, 0x0000000795580000)
  object space 487936K, 60% used [0x0000000740000000,0x000000075202f368,0x000000075dc80000)
 Metaspace       used 21699K, capacity 22838K, committed 23168K, reserved 1069056K
  class space    used 3093K, capacity 3376K, committed 3456K, reserved 1048576K
}
Event: 55.742 GC heap before
{Heap before GC invocations=74 (full 5):
 PSYoungGen      total 550912K, used 540360K [0x0000000795580000, 0x00000007c0000000, 0x00000007c0000000)
  eden space 542208K, 99% used [0x0000000795580000,0x00000007b65322c0,0x00000007b6700000)
  from space 8704K, 0% used [0x00000007bf780000,0x00000007bf780000,0x00000007c0000000)
  to   space 78336K, 0% used [0x00000007b6700000,0x00000007b6700000,0x00000007bb380000)
 ParOldGen       total 487936K, used 295100K [0x0000000740000000, 0x000000075dc80000, 0x0000000795580000)
  object space 487936K, 60% used [0x0000000740000000,0x000000075202f368,0x000000075dc80000)
 Metaspace       used 21710K, capacity 22838K, committed 23168K, reserved 1069056K
  class space    used 3093K, capacity 3376K, committed 3456K, reserved 1048576K
Event: 55.802 GC heap after
Heap after GC invocations=74 (full 5):
 PSYoungGen      total 620544K, used 27130K [0x0000000795580000, 0x00000007c0000000, 0x00000007c0000000)
  eden space 542208K, 0% used [0x0000000795580000,0x0000000795580000,0x00000007b6700000)
  from space 78336K, 34% used [0x00000007b6700000,0x00000007b817eac8,0x00000007bb380000)
  to   space 74240K, 0% used [0x00000007bb780000,0x00000007bb780000,0x00000007c0000000)
 ParOldGen       total 487936K, used 295108K [0x0000000740000000, 0x000000075dc80000, 0x0000000795580000)
  object space 487936K, 60% used [0x0000000740000000,0x0000000752031368,0x000000075dc80000)
 Metaspace       used 21710K, capacity 22838K, committed 23168K, reserved 1069056K
  class space    used 3093K, capacity 3376K, committed 3456K, reserved 1048576K
}

