# JRE version: Java(TM) SE Runtime Environment (8.0_144-b01) (build 1.8.0_144-b01)
# Java VM: Java HotSpot(TM) 64-Bit Server VM (25.144-b01 mixed mode windows-amd64 compressed oops)
Heap:
 PSYoungGen      total 159744K, used 34683K [0x00000000d5b80000, 0x00000000e7780000, 0x0000000100000000)
  eden space 34816K, 99% used [0x00000000d5b80000,0x00000000d7d5ed20,0x00000000d7d80000)
  from space 124928K, 0% used [0x00000000d7d80000,0x00000000d7d80000,0x00000000df780000)
  to   space 125440K, 0% used [0x00000000dfd00000,0x00000000dfd00000,0x00000000e7780000)
 ParOldGen       total 687616K, used 685328K [0x0000000081200000, 0x00000000ab180000, 0x00000000d5b80000)
  object space 687616K, 99% used [0x0000000081200000,0x00000000aaf441e8,0x00000000ab180000)
 Metaspace       used 22306K, capacity 23440K, committed 23680K, reserved 1069056K
  class space    used 3146K, capacity 3389K, committed 3456K, reserved 1048576K
GC Heap History (10 events):
Event: 82.360 GC heap before
{Heap before GC invocations=35 (full 5):
 PSYoungGen      total 156672K, used 24542K [0x00000000d5b80000, 0x00000000e7180000, 0x0000000100000000)
  eden space 34816K, 0% used [0x00000000d5b80000,0x00000000d5b80000,0x00000000d7d80000)
  from space 121856K, 20% used [0x00000000dfa80000,0x00000000e12778f8,0x00000000e7180000)
  to   space 124928K, 0% used [0x00000000d7d80000,0x00000000d7d80000,0x00000000df780000)
 ParOldGen       total 449024K, used 420044K [0x0000000081200000, 0x000000009c880000, 0x00000000d5b80000)
  object space 449024K, 93% used [0x0000000081200000,0x000000009ac33198,0x000000009c880000)
 Metaspace       used 22299K, capacity 23440K, committed 23680K, reserved 1069056K
  class space    used 3146K, capacity 3389K, committed 3456K, reserved 1048576K
Event: 83.597 GC heap after
Heap after GC invocations=35 (full 5):
 PSYoungGen      total 156672K, used 0K [0x00000000d5b80000, 0x00000000e7180000, 0x0000000100000000)
  eden space 34816K, 0% used [0x00000000d5b80000,0x00000000d5b80000,0x00000000d7d80000)
  from space 121856K, 0% used [0x00000000dfa80000,0x00000000dfa80000,0x00000000e7180000)
  to   space 124928K, 0% used [0x00000000d7d80000,0x00000000d7d80000,0x00000000df780000)
 ParOldGen       total 593408K, used 443186K [0x0000000081200000, 0x00000000a5580000, 0x00000000d5b80000)
  object space 593408K, 74% used [0x0000000081200000,0x000000009c2cc9e0,0x00000000a5580000)
 Metaspace       used 22299K, capacity 23440K, committed 23680K, reserved 1069056K
  class space    used 3146K, capacity 3389K, committed 3456K, reserved 1048576K
}
Event: 83.953 GC heap before
{Heap before GC invocations=36 (full 6):
 PSYoungGen      total 156672K, used 34782K [0x00000000d5b80000, 0x00000000e7180000, 0x0000000100000000)
  eden space 34816K, 99% used [0x00000000d5b80000,0x00000000d7d77990,0x00000000d7d80000)
  from space 121856K, 0% used [0x00000000dfa80000,0x00000000dfa80000,0x00000000e7180000)
  to   space 124928K, 0% used [0x00000000d7d80000,0x00000000d7d80000,0x00000000df780000)
 ParOldGen       total 1266688K, used 1265547K [0x0000000081200000, 0x00000000ce700000, 0x00000000d5b80000)
  object space 1266688K, 99% used [0x0000000081200000,0x00000000ce5e2cf8,0x00000000ce700000)
 Metaspace       used 22306K, capacity 23440K, committed 23680K, reserved 1069056K
  class space    used 3146K, capacity 3389K, committed 3456K, reserved 1048576K
Event: 84.638 GC heap after
Heap after GC invocations=36 (full 6):
 PSYoungGen      total 156672K, used 0K [0x00000000d5b80000, 0x00000000e7180000, 0x0000000100000000)
  eden space 34816K, 0% used [0x00000000d5b80000,0x00000000d5b80000,0x00000000d7d80000)
  from space 121856K, 0% used [0x00000000dfa80000,0x00000000dfa80000,0x00000000e7180000)
  to   space 124928K, 0% used [0x00000000d7d80000,0x00000000d7d80000,0x00000000df780000)
 ParOldGen       total 632320K, used 461593K [0x0000000081200000, 0x00000000a7b80000, 0x00000000d5b80000)
  object space 632320K, 72% used [0x0000000081200000,0x000000009d4c6418,0x00000000a7b80000)
 Metaspace       used 22306K, capacity 23440K, committed 23680K, reserved 1069056K
  class space    used 3146K, capacity 3389K, committed 3456K, reserved 1048576K
}
Event: 84.879 GC heap before
{Heap before GC invocations=37 (full 7):
 PSYoungGen      total 156672K, used 34772K [0x00000000d5b80000, 0x00000000e7180000, 0x0000000100000000)
  eden space 34816K, 99% used [0x00000000d5b80000,0x00000000d7d752b0,0x00000000d7d80000)
  from space 121856K, 0% used [0x00000000dfa80000,0x00000000dfa80000,0x00000000e7180000)
  to   space 124928K, 0% used [0x00000000d7d80000,0x00000000d7d80000,0x00000000df780000)
 ParOldGen       total 1167360K, used 1164030K [0x0000000081200000, 0x00000000c8600000, 0x00000000d5b80000)
  object space 1167360K, 99% used [0x0000000081200000,0x00000000c82bf810,0x00000000c8600000)
 Metaspace       used 22306K, capacity 23440K, committed 23680K, reserved 1069056K
  class space    used 3146K, capacity 3389K, committed 3456K, reserved 1048576K
Event: 85.539 GC heap after
Heap after GC invocations=37 (full 7):
 PSYoungGen      total 156672K, used 0K [0x00000000d5b80000, 0x00000000e7180000, 0x0000000100000000)
  eden space 34816K, 0% used [0x00000000d5b80000,0x00000000d5b80000,0x00000000d7d80000)
  from space 121856K, 0% used [0x00000000dfa80000,0x00000000dfa80000,0x00000000e7180000)
  to   space 124928K, 0% used [0x00000000d7d80000,0x00000000d7d80000,0x00000000df780000)
 ParOldGen       total 656384K, used 465791K [0x0000000081200000, 0x00000000a9300000, 0x00000000d5b80000)
  object space 656384K, 70% used [0x0000000081200000,0x000000009d8dfe60,0x00000000a9300000)
 Metaspace       used 22306K, capacity 23440K, committed 23680K, reserved 1069056K
  class space    used 3146K, capacity 3389K, committed 3456K, reserved 1048576K
}
Event: 85.581 GC heap before
{Heap before GC invocations=38 (full 7):
 PSYoungGen      total 156672K, used 34506K [0x00000000d5b80000, 0x00000000e7180000, 0x0000000100000000)
  eden space 34816K, 99% used [0x00000000d5b80000,0x00000000d7d32a78,0x00000000d7d80000)
  from space 121856K, 0% used [0x00000000dfa80000,0x00000000dfa80000,0x00000000e7180000)
  to   space 124928K, 0% used [0x00000000d7d80000,0x00000000d7d80000,0x00000000df780000)
 ParOldGen       total 656384K, used 613108K [0x0000000081200000, 0x00000000a9300000, 0x00000000d5b80000)
  object space 656384K, 93% used [0x0000000081200000,0x00000000a68bd048,0x00000000a9300000)
 Metaspace       used 22306K, capacity 23440K, committed 23680K, reserved 1069056K
  class space    used 3146K, capacity 3389K, committed 3456K, reserved 1048576K
Event: 85.585 GC heap after
Heap after GC invocations=38 (full 7):
 PSYoungGen      total 159744K, used 0K [0x00000000d5b80000, 0x00000000e7780000, 0x0000000100000000)
  eden space 34816K, 0% used [0x00000000d5b80000,0x00000000d5b80000,0x00000000d7d80000)
  from space 124928K, 0% used [0x00000000d7d80000,0x00000000d7d80000,0x00000000df780000)
  to   space 125440K, 0% used [0x00000000dfd00000,0x00000000dfd00000,0x00000000e7780000)
 ParOldGen       total 656384K, used 613108K [0x0000000081200000, 0x00000000a9300000, 0x00000000d5b80000)
  object space 656384K, 93% used [0x0000000081200000,0x00000000a68bd048,0x00000000a9300000)
 Metaspace       used 22306K, capacity 23440K, committed 23680K, reserved 1069056K
  class space    used 3146K, capacity 3389K, committed 3456K, reserved 1048576K
}
Event: 85.585 GC heap before
{Heap before GC invocations=39 (full 8):
 PSYoungGen      total 159744K, used 0K [0x00000000d5b80000, 0x00000000e7780000, 0x0000000100000000)
  eden space 34816K, 0% used [0x00000000d5b80000,0x00000000d5b80000,0x00000000d7d80000)
  from space 124928K, 0% used [0x00000000d7d80000,0x00000000d7d80000,0x00000000df780000)
  to   space 125440K, 0% used [0x00000000dfd00000,0x00000000dfd00000,0x00000000e7780000)
 ParOldGen       total 656384K, used 613108K [0x0000000081200000, 0x00000000a9300000, 0x00000000d5b80000)
  object space 656384K, 93% used [0x0000000081200000,0x00000000a68bd048,0x00000000a9300000)
 Metaspace       used 22306K, capacity 23440K, committed 23680K, reserved 1069056K
  class space    used 3146K, capacity 3389K, committed 3456K, reserved 1048576K
Event: 86.205 GC heap after
Heap after GC invocations=39 (full 8):
 PSYoungGen      total 159744K, used 0K [0x00000000d5b80000, 0x00000000e7780000, 0x0000000100000000)
  eden space 34816K, 0% used [0x00000000d5b80000,0x00000000d5b80000,0x00000000d7d80000)
  from space 124928K, 0% used [0x00000000d7d80000,0x00000000d7d80000,0x00000000df780000)
  to   space 125440K, 0% used [0x00000000dfd00000,0x00000000dfd00000,0x00000000e7780000)
 ParOldGen       total 683520K, used 466000K [0x0000000081200000, 0x00000000aad80000, 0x00000000d5b80000)
  object space 683520K, 68% used [0x0000000081200000,0x000000009d914058,0x00000000aad80000)
 Metaspace       used 22306K, capacity 23440K, committed 23680K, reserved 1069056K
  class space    used 3146K, capacity 3389K, committed 3456K, reserved 1048576K
}

